\BOOKMARK [1][-]{section.1}{\376\377\000L\000e\000c\000t\000u\000r\000e\000-\0000\0001}{}% 1
\BOOKMARK [1][-]{section.2}{\376\377\000L\000e\000c\000t\000u\000r\000e\000-\0000\0002}{}% 2
\BOOKMARK [2][-]{subsection.2.1}{\376\377\000V\000e\000c\000t\000o\000r\000\040\000S\000p\000a\000c\000e\000s}{section.2}% 3
\BOOKMARK [2][-]{subsection.2.2}{\376\377\000M\000e\000t\000r\000i\000c\000\040\000S\000p\000a\000c\000e\000s}{section.2}% 4
\BOOKMARK [1][-]{section.3}{\376\377\000L\000e\000c\000t\000u\000r\000e\000-\0000\0003}{}% 5
\BOOKMARK [2][-]{subsection.3.1}{\376\377\000S\000e\000q\000u\000e\000n\000c\000e\000s\000\040\000a\000n\000d\000\040\000C\000o\000n\000v\000e\000r\000g\000e\000n\000c\000e}{section.3}% 6
\BOOKMARK [1][-]{section.4}{\376\377\000L\000e\000c\000t\000u\000r\000e\000-\0000\0006}{}% 7
\BOOKMARK [2][-]{subsection.4.1}{\376\377\000L\000i\000m\000i\000t\000s\000\040\000o\000f\000\040\000F\000u\000n\000c\000t\000i\000o\000n\000s}{section.4}% 8
\BOOKMARK [1][-]{section.5}{\376\377\000L\000e\000c\000t\000u\000r\000e\000-\0000\0007}{}% 9
\BOOKMARK [2][-]{subsection.5.1}{\376\377\000F\000i\000r\000s\000t\000\040\000o\000r\000d\000e\000r\000\040\000d\000e\000r\000i\000v\000a\000t\000i\000v\000e\000s}{section.5}% 10
\BOOKMARK [2][-]{subsection.5.2}{\376\377\000H\000i\000g\000h\000e\000r\000\040\000O\000r\000d\000e\000r\000\040\000P\000a\000r\000t\000i\000a\000l\000\040\000D\000e\000r\000i\000v\000a\000t\000i\000v\000e\000s}{section.5}% 11
\BOOKMARK [1][-]{section.6}{\376\377\000L\000e\000c\000t\000u\000r\000e\000-\0000\0008}{}% 12
\BOOKMARK [2][-]{subsection.6.1}{\376\377\000D\000i\000r\000e\000c\000t\000i\000o\000n\000a\000l\000\040\000D\000e\000r\000i\000v\000a\000t\000i\000v\000e\000\040\000\050\000c\000o\000n\000t\000d\000.\000\051}{section.6}% 13
\BOOKMARK [2][-]{subsection.6.2}{\376\377\000T\000o\000t\000a\000l\000\040\000D\000e\000r\000i\000v\000a\000t\000i\000v\000e}{section.6}% 14
\BOOKMARK [2][-]{subsection.6.3}{\376\377\000T\000a\000n\000g\000e\000n\000t\000\040\000S\000p\000a\000c\000e\000\040\000f\000o\000r\000\040\000R\0002\000\040\000\050\000O\000p\000t\000i\000o\000n\000a\000l\000\051}{section.6}% 15
\BOOKMARK [1][-]{section.7}{\376\377\000L\000e\000c\000t\000u\000r\000e\000-\0000\0009}{}% 16
\BOOKMARK [2][-]{subsection.7.1}{\376\377\000J\000a\000c\000o\000b\000i\000a\000n\000\040\000M\000a\000t\000r\000i\000x}{section.7}% 17
\BOOKMARK [1][-]{section.8}{\376\377\000L\000e\000c\000t\000u\000r\000e\000-\0001\0000}{}% 18
\BOOKMARK [2][-]{subsection.8.1}{\376\377\000C\000h\000a\000i\000n\000\040\000R\000u\000l\000e}{section.8}% 19
\BOOKMARK [1][-]{section*.2}{\376\377\000R\000e\000f\000e\000r\000e\000n\000c\000e\000s}{}% 20
